<?xml version="1.0" encoding="UTF-8"?>
<!-- Generated by org.testng.reporters.JUnitReportReporter -->
<testsuite hostname="AERISIN-006" name="com.qa.hubspot.test.HomePageTest" tests="2" failures="0" timestamp="15 Aug 2019 16:30:50 GMT" time="58.873" errors="0">
  <testcase name="verifyHomePageTitle" time="27.794" classname="com.qa.hubspot.test.HomePageTest"/>
  <testcase name="verifyHomePageHeaderText" time="31.079" classname="com.qa.hubspot.test.HomePageTest"/>
</testsuite> <!-- com.qa.hubspot.test.HomePageTest -->
